<?xml version="1.0" encoding="UTF-8"?>
<!-- Generated by org.testng.reporters.JUnitReportReporter -->
<testsuite hostname="Dell" name="BatchExecution.CandidateRegistration" tests="1" failures="0" timestamp="9 Aug 2017 13:38:18 GMT" time="15.364" errors="0">
  <testcase name="CandidateRegistrationTest" time="15.364" classname="BatchExecution.CandidateRegistration"/>
</testsuite> <!-- BatchExecution.CandidateRegistration -->
