<?xml version="1.0" encoding="UTF-8"?>
<!-- Generated by org.testng.reporters.JUnitReportReporter -->
<testsuite skipped="0" hostname="mvcc-PC" name="BatchExecution.CompanyRegistration" tests="10" failures="0" timestamp="27 Sep 2017 14:22:53 GMT" time="9616.530" errors="0">
  <testcase name="read" time="958.280" classname="BatchExecution.CompanyRegistration"/>
  <testcase name="read" time="964.165" classname="BatchExecution.CompanyRegistration"/>
  <testcase name="read" time="957.949" classname="BatchExecution.CompanyRegistration"/>
  <testcase name="read" time="958.804" classname="BatchExecution.CompanyRegistration"/>
  <testcase name="read" time="977.476" classname="BatchExecution.CompanyRegistration"/>
  <testcase name="read" time="957.959" classname="BatchExecution.CompanyRegistration"/>
  <testcase name="read" time="959.191" classname="BatchExecution.CompanyRegistration"/>
  <testcase name="read" time="959.353" classname="BatchExecution.CompanyRegistration"/>
  <testcase name="read" time="959.344" classname="BatchExecution.CompanyRegistration"/>
  <testcase name="read" time="964.009" classname="BatchExecution.CompanyRegistration"/>
</testsuite> <!-- BatchExecution.CompanyRegistration -->
