<?xml version="1.0" encoding="UTF-8"?>
<!-- Generated by org.testng.reporters.JUnitReportReporter -->
<testsuite skipped="0" hostname="mvcc-PC" name="BatchExecution.Hybrid_Framework" tests="1" failures="0" timestamp="08 Sep 2017 09:19:13 GMT" time="0.674" errors="0">
  <testcase name="Frame" time="0.674" classname="BatchExecution.Hybrid_Framework"/>
</testsuite> <!-- BatchExecution.Hybrid_Framework -->
