<?xml version="1.0" encoding="UTF-8"?>
<!-- Generated by org.testng.reporters.JUnitReportReporter -->
<testsuite skipped="1" hostname="mvcc-PC" name="BatchExecution.CandidateRegistration" tests="1" failures="0" timestamp="22 Sep 2017 06:45:03 GMT" time="0.000" errors="0">
  <testcase name="CandidateRegistrationTest" time="0.000" classname="BatchExecution.CandidateRegistration">
    <skipped/>
  </testcase> <!-- CandidateRegistrationTest -->
</testsuite> <!-- BatchExecution.CandidateRegistration -->
