<?xml version="1.0" encoding="UTF-8"?>
<!-- Generated by org.testng.reporters.JUnitReportReporter -->
<testsuite skipped="0" hostname="mvcc-PC" name="BatchExecution.Company_Login_Logout" tests="1" failures="0" timestamp="27 Sep 2017 09:57:41 GMT" time="97.418" errors="0">
  <testcase name="loginLogout" time="97.418" classname="BatchExecution.Company_Login_Logout"/>
</testsuite> <!-- BatchExecution.Company_Login_Logout -->
