<?xml version="1.0" encoding="UTF-8"?>
<!-- Generated by org.testng.reporters.JUnitReportReporter -->
<testsuite skipped="1" hostname="mvcc-PC" name="Utilities.DataProvider_TestNG_to_ReadExcel_Utills" tests="1" failures="0" timestamp="21 Sep 2017 05:52:33 GMT" time="0.000" errors="0">
  <testcase name="read" time="0.000" classname="Utilities.DataProvider_TestNG_to_ReadExcel_Utills">
    <skipped/>
  </testcase> <!-- read -->
</testsuite> <!-- Utilities.DataProvider_TestNG_to_ReadExcel_Utills -->
