<?xml version="1.0" encoding="UTF-8"?>
<!-- Generated by org.testng.reporters.JUnitReportReporter -->
<testsuite skipped="0" hostname="mvcc-PC" name="BatchExecution.Clidiem_Admin_Login" tests="1" failures="0" timestamp="14 Sep 2017 13:26:59 GMT" time="54.803" errors="0">
  <testcase name="clidiem_Admin_Login" time="54.803" classname="BatchExecution.Clidiem_Admin_Login"/>
</testsuite> <!-- BatchExecution.Clidiem_Admin_Login -->
