<?xml version="1.0" encoding="UTF-8"?>
<!-- Generated by org.testng.reporters.JUnitReportReporter -->
<testsuite skipped="0" hostname="mvcc-PC" name="Utilities.DataProvider_TestNG_to_ReadExcel_Utills" tests="10" failures="0" timestamp="29 Sep 2017 07:23:08 GMT" time="0.023" errors="0">
  <testcase name="read" time="0.002" classname="Utilities.DataProvider_TestNG_to_ReadExcel_Utills"/>
  <testcase name="read" time="0.000" classname="Utilities.DataProvider_TestNG_to_ReadExcel_Utills"/>
  <testcase name="read" time="0.001" classname="Utilities.DataProvider_TestNG_to_ReadExcel_Utills"/>
  <testcase name="read" time="0.001" classname="Utilities.DataProvider_TestNG_to_ReadExcel_Utills"/>
  <testcase name="read" time="0.001" classname="Utilities.DataProvider_TestNG_to_ReadExcel_Utills"/>
  <testcase name="read" time="0.015" classname="Utilities.DataProvider_TestNG_to_ReadExcel_Utills"/>
  <testcase name="read" time="0.001" classname="Utilities.DataProvider_TestNG_to_ReadExcel_Utills"/>
  <testcase name="read" time="0.000" classname="Utilities.DataProvider_TestNG_to_ReadExcel_Utills"/>
  <testcase name="read" time="0.002" classname="Utilities.DataProvider_TestNG_to_ReadExcel_Utills"/>
  <testcase name="read" time="0.000" classname="Utilities.DataProvider_TestNG_to_ReadExcel_Utills"/>
</testsuite> <!-- Utilities.DataProvider_TestNG_to_ReadExcel_Utills -->
