<?xml version="1.0" encoding="UTF-8"?>
<!-- Generated by org.testng.reporters.JUnitReportReporter -->
<testsuite name="BatchExecution.CompanyRegistration" tests="1" time="173.016" ignored="0" failures="0" timestamp="19 Aug 2017 14:15:17 GMT" skipped="0" hostname="Dell" errors="1">
  <testcase name="CompanyRegistrationTest" time="173.016" classname="BatchExecution.CompanyRegistration">
    <error type="java.lang.Error" message="Unresolved compilation problems: 
	The method add(String, String, String, String, LogAs, CaptureScreen) in the type ATUReports is not applicable for the arguments (String, String, String, String, LogAs, CaptureScreenshot)
	The constructor CaptureScreenshot(CaptureScreen.ScreenshotOf) is undefined
	The method add(String, String, String, String, LogAs, CaptureScreen) in the type ATUReports is not applicable for the arguments (String, String, String, String, LogAs, CaptureScreenshot)
	The constructor CaptureScreenshot(CaptureScreen.ScreenshotOf) is undefined
">
      <![CDATA[java.lang.Error: Unresolved compilation problems: 
	The method add(String, String, String, String, LogAs, CaptureScreen) in the type ATUReports is not applicable for the arguments (String, String, String, String, LogAs, CaptureScreenshot)
	The constructor CaptureScreenshot(CaptureScreen.ScreenshotOf) is undefined
	The method add(String, String, String, String, LogAs, CaptureScreen) in the type ATUReports is not applicable for the arguments (String, String, String, String, LogAs, CaptureScreenshot)
	The constructor CaptureScreenshot(CaptureScreen.ScreenshotOf) is undefined

	at FunctionalLibraries.FunctionalLibraries.reportstep(FunctionalLibraries.java:426)
	at FunctionalLibraries.FunctionalLibraries.navigateurl(FunctionalLibraries.java:47)
	at Businessfunctions.FunctionalCases.companyRegistration(FunctionalCases.java:105)
	at BatchExecution.CompanyRegistration.CompanyRegistrationTest(CompanyRegistration.java:19)
	at sun.reflect.NativeMethodAccessorImpl.invoke0(Native Method)
	at sun.reflect.NativeMethodAccessorImpl.invoke(Unknown Source)
	at sun.reflect.DelegatingMethodAccessorImpl.invoke(Unknown Source)
	at java.lang.reflect.Method.invoke(Unknown Source)
	at org.testng.internal.MethodInvocationHelper.invokeMethod(MethodInvocationHelper.java:104)
	at org.testng.internal.Invoker.invokeMethod(Invoker.java:645)
	at org.testng.internal.Invoker.invokeTestMethod(Invoker.java:851)
	at org.testng.internal.Invoker.invokeTestMethods(Invoker.java:1177)
	at org.testng.internal.TestMethodWorker.invokeTestMethods(TestMethodWorker.java:129)
	at org.testng.internal.TestMethodWorker.run(TestMethodWorker.java:112)
	at org.testng.TestRunner.privateRun(TestRunner.java:756)
	at org.testng.TestRunner.run(TestRunner.java:610)
	at org.testng.SuiteRunner.runTest(SuiteRunner.java:387)
	at org.testng.SuiteRunner.runSequentially(SuiteRunner.java:382)
	at org.testng.SuiteRunner.privateRun(SuiteRunner.java:340)
	at org.testng.SuiteRunner.run(SuiteRunner.java:289)
	at org.testng.SuiteRunnerWorker.runSuite(SuiteRunnerWorker.java:52)
	at org.testng.SuiteRunnerWorker.run(SuiteRunnerWorker.java:86)
	at org.testng.TestNG.runSuitesSequentially(TestNG.java:1293)
	at org.testng.TestNG.runSuitesLocally(TestNG.java:1218)
	at org.testng.TestNG.runSuites(TestNG.java:1133)
	at org.testng.TestNG.run(TestNG.java:1104)
	at org.testng.remote.AbstractRemoteTestNG.run(AbstractRemoteTestNG.java:132)
	at org.testng.remote.RemoteTestNG.initAndRun(RemoteTestNG.java:236)
	at org.testng.remote.RemoteTestNG.main(RemoteTestNG.java:81)
]]>
    </error>
  </testcase> <!-- CompanyRegistrationTest -->
</testsuite> <!-- BatchExecution.CompanyRegistration -->
