<?xml version="1.0" encoding="UTF-8"?>
<!-- Generated by org.testng.reporters.JUnitReportReporter -->
<testsuite skipped="0" hostname="mvcc-PC" name="BatchExecution.Hybrid_1" tests="1" failures="0" timestamp="08 Sep 2017 09:13:57 GMT" time="0.691" errors="0">
  <testcase name="Frame" time="0.691" classname="BatchExecution.Hybrid_1"/>
</testsuite> <!-- BatchExecution.Hybrid_1 -->
