<?xml version="1.0" encoding="UTF-8"?>
<!-- Generated by org.testng.reporters.JUnitReportReporter -->
<testsuite hostname="Dell" name="BrowserConfiguration.BrowserSetup" tests="1" failures="0" timestamp="8 Aug 2017 08:39:24 GMT" time="0.019" errors="0">
  <testcase name="test" time="0.019" classname="BrowserConfiguration.BrowserSetup"/>
</testsuite> <!-- BrowserConfiguration.BrowserSetup -->
