<?xml version="1.0" encoding="UTF-8"?>
<!-- Generated by org.testng.reporters.JUnitReportReporter -->
<testsuite skipped="0" hostname="mvcc-PC" name="Businessfunctions.row_col_Company_Profile_Sheet" tests="1" failures="0" timestamp="20 Sep 2017 09:34:29 GMT" time="0.699" errors="0">
  <testcase name="row_col_no" time="0.699" classname="Businessfunctions.row_col_Company_Profile_Sheet"/>
</testsuite> <!-- Businessfunctions.row_col_Company_Profile_Sheet -->
