<?xml version="1.0" encoding="UTF-8"?>
<!-- Generated by org.testng.reporters.JUnitReportReporter -->
<testsuite skipped="0" hostname="mvcc-PC" name="Utilities.use_Environment" tests="1" failures="0" timestamp="26 Sep 2017 09:39:54 GMT" time="0.916" errors="0">
  <testcase name="environment_Call" time="0.916" classname="Utilities.use_Environment"/>
</testsuite> <!-- Utilities.use_Environment -->
