<?xml version="1.0" encoding="UTF-8"?>
<!-- Generated by org.testng.reporters.JUnitReportReporter -->
<testsuite skipped="0" hostname="mvcc-PC" name="BatchExecution.CandidateLoginScenario" tests="1" failures="0" timestamp="08 Sep 2017 03:58:35 GMT" time="7.060" errors="0">
  <testcase name="CandidateLoginTest" time="7.060" classname="BatchExecution.CandidateLoginScenario"/>
</testsuite> <!-- BatchExecution.CandidateLoginScenario -->
