<?xml version="1.0" encoding="UTF-8"?>
<!-- Generated by org.testng.reporters.JUnitReportReporter -->
<testsuite skipped="0" hostname="mvcc-PC" name="BatchExecution.CandidateLoginScenario" tests="1" failures="0" timestamp="23 Sep 2017 05:31:36 GMT" time="9.792" errors="0">
  <testcase name="CandidateLoginTest" time="9.792" classname="BatchExecution.CandidateLoginScenario"/>
</testsuite> <!-- BatchExecution.CandidateLoginScenario -->
