<?xml version="1.0" encoding="UTF-8"?>
<!-- Generated by org.testng.reporters.JUnitReportReporter -->
<testsuite skipped="0" hostname="mvcc-PC" name="Businessfunctions.row_col_Company_Profile_Sheet" tests="1" failures="0" timestamp="04 Oct 2017 10:08:49 GMT" time="0.752" errors="0">
  <testcase name="row_col_no" time="0.752" classname="Businessfunctions.row_col_Company_Profile_Sheet"/>
</testsuite> <!-- Businessfunctions.row_col_Company_Profile_Sheet -->
