<?xml version="1.0" encoding="UTF-8"?>
<!-- Generated by org.testng.reporters.JUnitReportReporter -->
<testsuite skipped="0" hostname="mvcc-PC" name="BatchExecution.CompanyRegistration" tests="1" failures="0" timestamp="08 Sep 2017 11:39:42 GMT" time="298.585" errors="0">
  <testcase name="CompanyRegistrationTest" time="298.585" classname="BatchExecution.CompanyRegistration"/>
</testsuite> <!-- BatchExecution.CompanyRegistration -->
