<?xml version="1.0" encoding="UTF-8"?>
<!-- Generated by org.testng.reporters.JUnitReportReporter -->
<testsuite skipped="0" hostname="mvcc-PC" name="BatchExecution.Hybrid_Framework_Org" tests="1" failures="0" timestamp="28 Sep 2017 13:22:46 GMT" time="0.769" errors="0">
  <testcase name="Frame" time="0.769" classname="BatchExecution.Hybrid_Framework_Org"/>
</testsuite> <!-- BatchExecution.Hybrid_Framework_Org -->
